2024-10-23 00:31:54,437 - INFO - GENERAL PARAMETERS:
folder_name: exp1
img_folder_name: flow_300_100
folder_path: exp1
2024-10-23 00:31:54,438 - INFO - TRAINING PARAMETERS:
train_model: True
load_and_train: False
2024-10-23 00:31:54,438 - INFO - MODEL PARAMETERS:
image_size: (96, 296)
seed: 42
validation_split: 0.2
pad_to_aspect_ratio: False
crop_to_aspect_ratio: True
num_epochs: 10
batch_size: 12
dataset_repetitions: 5
ema: 0.999
learning_rate: 0.001
weight_decay: 0.0001
kid_image_size: 128
plot_diffusion_steps: 25
kid_diffusion_steps: 5
min_signal_rate: 0.1
max_signal_rate: 0.5
embedding_dims: 128
widths: [32, 64, 96, 128]
block_depth: 2
2024-10-23 00:31:54,438 - INFO - INFERENCE PARAMETERS:
images_to_generate: 5
generate_diffusion_steps: 40
2024-10-23 00:35:44,318 - INFO - GENERAL PARAMETERS:
folder_name: exp1
img_folder_name: flow_300_100
folder_path: exp1
2024-10-23 00:35:44,319 - INFO - TRAINING PARAMETERS:
train_model: True
load_and_train: False
2024-10-23 00:35:44,319 - INFO - MODEL PARAMETERS:
image_size: (96, 296)
seed: 42
validation_split: 0.2
pad_to_aspect_ratio: False
crop_to_aspect_ratio: True
num_epochs: 1
batch_size: 12
dataset_repetitions: 5
ema: 0.999
learning_rate: 0.001
weight_decay: 0.0001
kid_image_size: 128
plot_diffusion_steps: 25
kid_diffusion_steps: 5
min_signal_rate: 0.1
max_signal_rate: 0.5
embedding_dims: 128
widths: [32, 64, 96, 128]
block_depth: 2
2024-10-23 00:35:44,319 - INFO - INFERENCE PARAMETERS:
images_to_generate: 5
generate_diffusion_steps: 40
2024-10-23 00:37:04,833 - INFO - GENERAL PARAMETERS:
folder_name: exp1
img_folder_name: flow_300_100
folder_path: exp1
2024-10-23 00:37:04,834 - INFO - TRAINING PARAMETERS:
train_model: True
load_and_train: False
2024-10-23 00:37:04,834 - INFO - MODEL PARAMETERS:
image_size: (96, 296)
seed: 42
validation_split: 0.2
pad_to_aspect_ratio: False
crop_to_aspect_ratio: True
num_epochs: 1
batch_size: 12
dataset_repetitions: 5
ema: 0.999
learning_rate: 0.001
weight_decay: 0.0001
kid_image_size: 128
plot_diffusion_steps: 25
kid_diffusion_steps: 5
min_signal_rate: 0.1
max_signal_rate: 0.5
embedding_dims: 128
widths: [32, 64, 96, 128]
block_depth: 2
2024-10-23 00:37:04,834 - INFO - INFERENCE PARAMETERS:
images_to_generate: 5
generate_diffusion_steps: 40
